2019-06-15T16:24:28.227Z - normal: Load ~/.CocosCreator/settings.json
2019-06-15T16:24:29.420Z - normal: Initializing Asset Database
2019-06-15T16:24:29.439Z - normal: checking language setting...
2019-06-15T16:24:29.440Z - normal: Language: zh
2019-06-15T16:24:30.755Z - success: preview server running at http://localhost:7456
2019-06-15T16:24:30.759Z - success: protocol editor-framework registered
2019-06-15T16:24:30.759Z - success: protocol app registered
2019-06-15T16:24:30.760Z - success: protocol theme registered
2019-06-15T16:24:30.760Z - success: protocol packages registered
2019-06-15T16:24:30.760Z - success: protocol uuid registerred
2019-06-15T16:24:30.760Z - success: protocol db registerred
2019-06-15T16:24:30.761Z - success: protocol thumbnail registerred
2019-06-15T16:24:30.761Z - success: protocol unpack registerred
2019-06-15T16:24:30.761Z - success: protocol disable-commonjs registerred
2019-06-15T16:24:31.080Z - normal: connected!
2019-06-15T16:24:31.081Z - normal: Check project D:\cocos\start_project - 副本
2019-06-15T16:24:31.085Z - normal: Initializing project D:\cocos\start_project - 副本
2019-06-15T16:24:31.682Z - normal: Initializing Cocos2d
2019-06-15T16:24:32.551Z - normal: Initializing engine extends
2019-06-15T16:24:33.028Z - success: asset-db-debugger loaded
2019-06-15T16:24:33.032Z - success: baidu-adapter loaded
2019-06-15T16:24:33.037Z - success: color-picker loaded
2019-06-15T16:24:33.129Z - success: fb-audience-network loaded
2019-06-15T16:24:33.198Z - success: fb-live-stream loaded
2019-06-15T16:24:33.204Z - success: google-play-instant loaded
2019-06-15T16:24:33.210Z - success: huawei-runtime loaded
2019-06-15T16:24:33.511Z - success: cpk-publish loaded
2019-06-15T16:24:33.512Z - success: jsb-adapter loaded
2019-06-15T16:24:33.517Z - success: oppo-runtime loaded
2019-06-15T16:24:33.521Z - success: package-manager loaded
2019-06-15T16:24:33.646Z - success: qqplay-adapter loaded
2019-06-15T16:24:33.648Z - success: runtime-dev-tools loaded
2019-06-15T16:24:33.653Z - success: sdkbox loaded
2019-06-15T16:24:33.656Z - success: tester loaded
2019-06-15T16:24:33.658Z - success: ui-grid loaded
2019-06-15T16:24:33.661Z - success: ui-kit-preview-extra loaded
2019-06-15T16:24:33.663Z - success: ui-kit-preview loaded
2019-06-15T16:24:33.664Z - success: ui-kit loaded
2019-06-15T16:24:33.666Z - success: ui-tree loaded
2019-06-15T16:24:33.672Z - success: vivo-runtime loaded
2019-06-15T16:24:33.673Z - success: weapp-adapter loaded
2019-06-15T16:24:33.674Z - success: xiaomi-adapter loaded
2019-06-15T16:24:33.726Z - success: assets loaded
2019-06-15T16:24:33.729Z - success: builder loaded
2019-06-15T16:24:34.021Z - success: cocos-services loaded
2019-06-15T16:24:34.026Z - success: console loaded
2019-06-15T16:24:34.060Z - success: fb-instant-games loaded
2019-06-15T16:24:34.062Z - success: google-instant-games loaded
2019-06-15T16:24:34.066Z - success: hierarchy loaded
2019-06-15T16:24:34.069Z - success: inspector loaded
2019-06-15T16:24:34.070Z - success: keystore loaded
2019-06-15T16:24:34.073Z - success: node-library loaded
2019-06-15T16:24:34.075Z - success: package-asset loaded
2019-06-15T16:24:34.076Z - success: preferences loaded
2019-06-15T16:24:34.077Z - success: project-exporter loaded
2019-06-15T16:24:34.079Z - success: project-importer loaded
2019-06-15T16:24:34.081Z - success: project-settings loaded
2019-06-15T16:24:34.084Z - success: scene loaded
2019-06-15T16:24:34.086Z - success: simulator-debugger loaded
2019-06-15T16:24:34.087Z - success: sprite-editor loaded
2019-06-15T16:24:34.091Z - success: store loaded
2019-06-15T16:24:34.094Z - success: timeline loaded
2019-06-15T16:24:34.101Z - success: xiaomi-runtime loaded
2019-06-15T16:24:36.257Z - normal: Loading packages
2019-06-15T16:24:36.267Z - normal: Watching packages
2019-06-15T16:24:37.003Z - normal: Run Application
2019-06-15T16:24:37.792Z - info: Cocos Services load base data!
2019-06-15T16:30:56.520Z - info: shutdown preview server
